<?xml version="1.0" encoding="UTF-8"?>
<!-- Generated by org.testng.reporters.JUnitReportReporter -->
<testsuite hostname="DESKTOP-JECDTQK" failures="0" tests="9" name="bdd.automation.runners.TestNGRunnerTest" time="189.541" errors="0" timestamp="2023-05-24T11:47:58 UTC" skipped="0">
  <testcase classname="bdd.automation.runners.TestNGRunnerTest" name="runScenario" time="25.155"/>
  <testcase classname="bdd.automation.runners.TestNGRunnerTest" name="runScenario" time="23.265"/>
  <testcase classname="bdd.automation.runners.TestNGRunnerTest" name="runScenario" time="23.947"/>
  <testcase classname="bdd.automation.runners.TestNGRunnerTest" name="runScenario" time="20.823"/>
  <testcase classname="bdd.automation.runners.TestNGRunnerTest" name="runScenario" time="26.622"/>
  <testcase classname="bdd.automation.runners.TestNGRunnerTest" name="runScenario" time="17.384"/>
  <testcase classname="bdd.automation.runners.TestNGRunnerTest" name="runScenario" time="17.575"/>
  <testcase classname="bdd.automation.runners.TestNGRunnerTest" name="runScenario" time="17.385"/>
  <testcase classname="bdd.automation.runners.TestNGRunnerTest" name="runScenario" time="17.385"/>
</testsuite> <!-- bdd.automation.runners.TestNGRunnerTest -->
