<?xml version="1.0" encoding="UTF-8"?>
<!-- Generated by org.testng.reporters.JUnitReportReporter -->
<testsuite hostname="DESKTOP-JECDTQK" failures="0" tests="9" name="bdd.automation.runners.TestNGRunnerTest" time="198.744" errors="3" timestamp="2023-06-21T15:27:57 UTC" skipped="0">
  <testcase classname="bdd.automation.runners.TestNGRunnerTest" name="runScenario" time="17.265"/>
  <testcase classname="bdd.automation.runners.TestNGRunnerTest" name="runScenario" time="20.917"/>
  <testcase classname="bdd.automation.runners.TestNGRunnerTest" name="runScenario" time="25.205">
    <error message="Cannot construct instance of `bdd.automation.domainObjects.BillingDetails` (no Creators, like default constructor, exist): cannot deserialize from Object value (no delegate- or property-based Creator)
 at [Source: (BufferedInputStream); line: 2, column: 3]" type="com.fasterxml.jackson.databind.exc.InvalidDefinitionException">
      <![CDATA[com.fasterxml.jackson.databind.exc.InvalidDefinitionException: Cannot construct instance of `bdd.automation.domainObjects.BillingDetails` (no Creators, like default constructor, exist): cannot deserialize from Object value (no delegate- or property-based Creator)
 at [Source: (BufferedInputStream); line: 2, column: 3]
at com.fasterxml.jackson.databind.exc.InvalidDefinitionException.from(InvalidDefinitionException.java:67)
at com.fasterxml.jackson.databind.DeserializationContext.reportBadDefinition(DeserializationContext.java:1915)
at com.fasterxml.jackson.databind.DatabindContext.reportBadDefinition(DatabindContext.java:414)
at com.fasterxml.jackson.databind.DeserializationContext.handleMissingInstantiator(DeserializationContext.java:1360)
at com.fasterxml.jackson.databind.deser.BeanDeserializerBase.deserializeFromObjectUsingNonDefault(BeanDeserializerBase.java:1424)
at com.fasterxml.jackson.databind.deser.BeanDeserializer.deserializeFromObject(BeanDeserializer.java:352)
at com.fasterxml.jackson.databind.deser.BeanDeserializer.deserialize(BeanDeserializer.java:185)
at com.fasterxml.jackson.databind.deser.DefaultDeserializationContext.readRootValue(DefaultDeserializationContext.java:323)
at com.fasterxml.jackson.databind.ObjectMapper._readMapAndClose(ObjectMapper.java:4825)
at com.fasterxml.jackson.databind.ObjectMapper.readValue(ObjectMapper.java:3809)
at bdd.automation.utils.JacksonUtils.deserializeJson(JacksonUtils.java:18)
at bdd.automation.steps.CheckoutSteps.iProvideBillingDetails(CheckoutSteps.java:41)
at ✽.I provide billing details(file:///C:/Users/DELL/IntellijIdeaProjects/Gitlab/topwebframework-Web-Top-Framework/src/test/resources/bdd.automation/features/guest_place_an_order.feature:16)
]]>
    </error>
  </testcase> <!-- runScenario -->
  <testcase classname="bdd.automation.runners.TestNGRunnerTest" name="runScenario" time="26.520"/>
  <testcase classname="bdd.automation.runners.TestNGRunnerTest" name="runScenario" time="23.617"/>
  <testcase classname="bdd.automation.runners.TestNGRunnerTest" name="runScenario" time="17.422"/>
  <testcase classname="bdd.automation.runners.TestNGRunnerTest" name="runScenario" time="24.773">
    <error message="Cannot construct instance of `bdd.automation.domainObjects.BillingDetails` (no Creators, like default constructor, exist): cannot deserialize from Object value (no delegate- or property-based Creator)
 at [Source: (BufferedInputStream); line: 2, column: 3]" type="com.fasterxml.jackson.databind.exc.InvalidDefinitionException">
      <![CDATA[com.fasterxml.jackson.databind.exc.InvalidDefinitionException: Cannot construct instance of `bdd.automation.domainObjects.BillingDetails` (no Creators, like default constructor, exist): cannot deserialize from Object value (no delegate- or property-based Creator)
 at [Source: (BufferedInputStream); line: 2, column: 3]
at com.fasterxml.jackson.databind.exc.InvalidDefinitionException.from(InvalidDefinitionException.java:67)
at com.fasterxml.jackson.databind.DeserializationContext.reportBadDefinition(DeserializationContext.java:1915)
at com.fasterxml.jackson.databind.DatabindContext.reportBadDefinition(DatabindContext.java:414)
at com.fasterxml.jackson.databind.DeserializationContext.handleMissingInstantiator(DeserializationContext.java:1360)
at com.fasterxml.jackson.databind.deser.BeanDeserializerBase.deserializeFromObjectUsingNonDefault(BeanDeserializerBase.java:1424)
at com.fasterxml.jackson.databind.deser.BeanDeserializer.deserializeFromObject(BeanDeserializer.java:352)
at com.fasterxml.jackson.databind.deser.BeanDeserializer.deserialize(BeanDeserializer.java:185)
at com.fasterxml.jackson.databind.deser.DefaultDeserializationContext.readRootValue(DefaultDeserializationContext.java:323)
at com.fasterxml.jackson.databind.ObjectMapper._readMapAndClose(ObjectMapper.java:4825)
at com.fasterxml.jackson.databind.ObjectMapper.readValue(ObjectMapper.java:3809)
at bdd.automation.utils.JacksonUtils.deserializeJson(JacksonUtils.java:18)
at bdd.automation.steps.CheckoutSteps.iProvideBillingDetails(CheckoutSteps.java:41)
at ✽.I provide billing details(file:///C:/Users/DELL/IntellijIdeaProjects/Gitlab/topwebframework-Web-Top-Framework/src/test/resources/bdd.automation/features/guest_place_an_order.feature:16)
]]>
    </error>
  </testcase> <!-- runScenario -->
  <testcase classname="bdd.automation.runners.TestNGRunnerTest" name="runScenario" time="17.120"/>
  <testcase classname="bdd.automation.runners.TestNGRunnerTest" name="runScenario" time="25.905">
    <error message="Cannot construct instance of `bdd.automation.domainObjects.BillingDetails` (no Creators, like default constructor, exist): cannot deserialize from Object value (no delegate- or property-based Creator)
 at [Source: (BufferedInputStream); line: 2, column: 3]" type="com.fasterxml.jackson.databind.exc.InvalidDefinitionException">
      <![CDATA[com.fasterxml.jackson.databind.exc.InvalidDefinitionException: Cannot construct instance of `bdd.automation.domainObjects.BillingDetails` (no Creators, like default constructor, exist): cannot deserialize from Object value (no delegate- or property-based Creator)
 at [Source: (BufferedInputStream); line: 2, column: 3]
at com.fasterxml.jackson.databind.exc.InvalidDefinitionException.from(InvalidDefinitionException.java:67)
at com.fasterxml.jackson.databind.DeserializationContext.reportBadDefinition(DeserializationContext.java:1915)
at com.fasterxml.jackson.databind.DatabindContext.reportBadDefinition(DatabindContext.java:414)
at com.fasterxml.jackson.databind.DeserializationContext.handleMissingInstantiator(DeserializationContext.java:1360)
at com.fasterxml.jackson.databind.deser.BeanDeserializerBase.deserializeFromObjectUsingNonDefault(BeanDeserializerBase.java:1424)
at com.fasterxml.jackson.databind.deser.BeanDeserializer.deserializeFromObject(BeanDeserializer.java:352)
at com.fasterxml.jackson.databind.deser.BeanDeserializer.deserialize(BeanDeserializer.java:185)
at com.fasterxml.jackson.databind.deser.DefaultDeserializationContext.readRootValue(DefaultDeserializationContext.java:323)
at com.fasterxml.jackson.databind.ObjectMapper._readMapAndClose(ObjectMapper.java:4825)
at com.fasterxml.jackson.databind.ObjectMapper.readValue(ObjectMapper.java:3809)
at bdd.automation.utils.JacksonUtils.deserializeJson(JacksonUtils.java:18)
at bdd.automation.steps.CheckoutSteps.iProvideBillingDetails(CheckoutSteps.java:41)
at ✽.I provide billing details(file:///C:/Users/DELL/IntellijIdeaProjects/Gitlab/topwebframework-Web-Top-Framework/src/test/resources/bdd.automation/features/guest_place_an_order.feature:16)
]]>
    </error>
  </testcase> <!-- runScenario -->
</testsuite> <!-- bdd.automation.runners.TestNGRunnerTest -->
